<?xml version="1.0" encoding="UTF-8"?>
<!-- Generated by org.testng.reporters.JUnitXMLReporter -->
<testsuite ignored="0" hostname="DESKTOP-HHIM7D1" failures="2" tests="8" name="TestOne" time="42.492" errors="0" timestamp="2024-09-16T12:24:59 IST">
  <testcase classname="fconcept.login" name="loginWithvalidcredentials" time="1.679"/>
  <testcase classname="fconcept.login" name="LoginWithValidEmailAndInvalidPassword" time="1.497"/>
  <testcase classname="fconcept.login" name="LoginWithInvalidEmailAndValidPassword" time="1.3">
    <failure type="java.lang.AssertionError" message="expected [Warning: Your account has exceeded allowed number of login attempts. Please try again in 1 hour.] but found [Warning: No match for E-Mail Address and/or Password.]">
      <![CDATA[java.lang.AssertionError: expected [Warning: Your account has exceeded allowed number of login attempts. Please try again in 1 hour.] but found [Warning: No match for E-Mail Address and/or Password.]
at fconcept.login.LoginWithInvalidEmailAndValidPassword(login.java:95)
at java.base/java.util.ArrayList.forEach(ArrayList.java:1596)
... Removed 31 stack frames]]>
    </failure>
  </testcase> <!-- LoginWithInvalidEmailAndValidPassword -->
  <testcase classname="fconcept.login" name="LoginWithInvalidCredentials" time="1.303">
    <failure type="java.lang.AssertionError" message="expected [Warning: Your account has exceeded allowed number of login attempts. Please try again in 1 hour.] but found [Warning: No match for E-Mail Address and/or Password.]">
      <![CDATA[java.lang.AssertionError: expected [Warning: Your account has exceeded allowed number of login attempts. Please try again in 1 hour.] but found [Warning: No match for E-Mail Address and/or Password.]
at fconcept.login.LoginWithInvalidCredentials(login.java:114)
at java.base/java.util.ArrayList.forEach(ArrayList.java:1596)
... Removed 31 stack frames]]>
    </failure>
  </testcase> <!-- LoginWithInvalidCredentials -->
  <testcase classname="fconcept.login" name="LoginWithoutEnteringAnyCredentials" time="1.151"/>
  <testcase classname="fconcept.AssertionDemo" name="SampleTestOne" time="0.004"/>
  <testcase classname="fconcept.AssertionDemo" name="SampleTestThree" time="0.005"/>
  <testcase classname="fconcept.AssertionDemo" name="SampleTestTwo" time="0.005"/>
</testsuite> <!-- TestOne -->
