<?xml version="1.0" encoding="UTF-8"?>
<!-- Generated by org.testng.reporters.JUnitXMLReporter -->
<testsuite ignored="0" hostname="DESKTOP-HHIM7D1" failures="0" tests="6" name="TestTwo" time="0.109" errors="0" timestamp="2024-09-16T12:24:59 IST">
  <testcase classname="fconcept.BeforeAfterMethodAnnotationsDemo" name="testmethodThree" time="0.007"/>
  <testcase classname="fconcept.BeforeAfterMethodAnnotationsDemo" name="testmethodTwo" time="0.004"/>
  <testcase classname="fconcept.BeforeAfterMethodAnnotationsDemo" name="testmethodOne" time="0.004"/>
  <testcase classname="fconcept.BeforeAfterClassAnotationsDemo" name="testmethodThree" time="0.007"/>
  <testcase classname="fconcept.BeforeAfterClassAnotationsDemo" name="testmethodTwo" time="0.005"/>
  <testcase classname="fconcept.BeforeAfterClassAnotationsDemo" name="testmethodOne" time="0.004"/>
</testsuite> <!-- TestTwo -->
