<?xml version="1.0" encoding="UTF-8"?>
<testng-results ignored="0" total="3" passed="3" failed="0" skipped="0">
  <reporter-output>
  </reporter-output>
  <suite started-at="2024-10-09T11:52:41 IST" name="Default suite" finished-at="2024-10-09T11:52:41 IST" duration-ms="297">
    <groups>
    </groups>
    <test started-at="2024-10-09T11:52:41 IST" name="Default test" finished-at="2024-10-09T11:52:41 IST" duration-ms="297">
      <class name="fconcept.AssertionDemo">
        <test-method is-config="true" signature="BeforeTestMethod()[pri:0, instance:fconcept.AssertionDemo@59474f18]" started-at="2024-10-09T11:52:41 IST" name="BeforeTestMethod" finished-at="2024-10-09T11:52:41 IST" duration-ms="53" status="PASS">
          <reporter-output>
          </reporter-output>
        </test-method> <!-- BeforeTestMethod -->
        <test-method signature="SampleTestOne()[pri:0, instance:fconcept.AssertionDemo@59474f18]" started-at="2024-10-09T11:52:41 IST" name="SampleTestOne" finished-at="2024-10-09T11:52:41 IST" duration-ms="33" status="PASS">
          <reporter-output>
          </reporter-output>
        </test-method> <!-- SampleTestOne -->
        <test-method signature="SampleTestThree()[pri:0, instance:fconcept.AssertionDemo@59474f18]" started-at="2024-10-09T11:52:41 IST" name="SampleTestThree" finished-at="2024-10-09T11:52:41 IST" duration-ms="7" status="PASS">
          <reporter-output>
          </reporter-output>
        </test-method> <!-- SampleTestThree -->
        <test-method signature="SampleTestTwo()[pri:0, instance:fconcept.AssertionDemo@59474f18]" started-at="2024-10-09T11:52:41 IST" name="SampleTestTwo" finished-at="2024-10-09T11:52:41 IST" duration-ms="9" status="PASS">
          <reporter-output>
          </reporter-output>
        </test-method> <!-- SampleTestTwo -->
        <test-method is-config="true" signature="AfterTestMethod()[pri:0, instance:fconcept.AssertionDemo@59474f18]" started-at="2024-10-09T11:52:41 IST" name="AfterTestMethod" finished-at="2024-10-09T11:52:41 IST" duration-ms="3" status="PASS">
          <reporter-output>
          </reporter-output>
        </test-method> <!-- AfterTestMethod -->
      </class> <!-- fconcept.AssertionDemo -->
    </test> <!-- Default test -->
  </suite> <!-- Default suite -->
</testng-results>
