<?xml version="1.0" encoding="UTF-8"?>
<!-- Generated by org.testng.reporters.JUnitXMLReporter -->
<testsuite ignored="0" hostname="DESKTOP-HHIM7D1" failures="0" tests="11" name="Test" time="107.601" errors="0" timestamp="2024-09-24T12:50:13 IST">
  <testcase classname="tests.Login" name="verifyLoginWithValidCredentials" time="1.85"/>
  <testcase classname="tests.Login" name="verifyLoginWithInValidCredentials" time="1.621"/>
  <testcase classname="tests.Login" name="verifyLoginWithInValidEmailValidPassword" time="1.603"/>
  <testcase classname="tests.Login" name="verifyLoginWithValidEmailInValidPassword" time="11.454"/>
  <testcase classname="tests.Login" name="verifyLoginWithOutEmailAndPassword" time="0.873"/>
  <testcase classname="tests.Search" name="verifySearchingForExistingProduct" time="2.142"/>
  <testcase classname="tests.Search" name="verifySearchingForNonExistingProduct" time="0.991"/>
  <testcase classname="tests.Register" name="verifyRegisterWithKeyBoard" time="3.514"/>
  <testcase classname="tests.Register" name="verifyRegisterAccountUsingMandatoryFields" time="3.249"/>
  <testcase classname="tests.Register" name="verifyRegisterAccountUsingAllFields" time="4.893"/>
  <testcase classname="tests.Register" name="verifyRegisterAccountWithoutAnyDetails" time="1.238"/>
</testsuite> <!-- Test -->
