<?xml version="1.0" encoding="UTF-8"?>
<testng-results ignored="0" total="5" passed="5" failed="0" skipped="0">
  <reporter-output>
  </reporter-output>
  <suite started-at="2024-09-24T13:21:07 IST" name="Default suite" finished-at="2024-09-24T13:22:01 IST" duration-ms="53955">
    <groups>
    </groups>
    <test started-at="2024-09-24T13:21:07 IST" name="Default test" finished-at="2024-09-24T13:22:01 IST" duration-ms="53955">
      <class name="tests.Login">
        <test-method is-config="true" signature="setup()[pri:0, instance:tests.Login@f6efaab]" started-at="2024-09-24T13:21:07 IST" name="setup" finished-at="2024-09-24T13:21:16 IST" duration-ms="8839" status="PASS">
          <reporter-output>
          </reporter-output>
        </test-method> <!-- setup -->
        <test-method signature="verifyLoginWithValidCredentials()[pri:1, instance:tests.Login@f6efaab]" started-at="2024-09-24T13:21:16 IST" name="verifyLoginWithValidCredentials" finished-at="2024-09-24T13:21:18 IST" duration-ms="1731" status="PASS">
          <reporter-output>
          </reporter-output>
        </test-method> <!-- verifyLoginWithValidCredentials -->
        <test-method is-config="true" signature="tearDown()[pri:0, instance:tests.Login@f6efaab]" started-at="2024-09-24T13:21:18 IST" name="tearDown" finished-at="2024-09-24T13:21:18 IST" duration-ms="635" status="PASS">
          <reporter-output>
          </reporter-output>
        </test-method> <!-- tearDown -->
        <test-method is-config="true" signature="setup()[pri:0, instance:tests.Login@f6efaab]" started-at="2024-09-24T13:21:18 IST" name="setup" finished-at="2024-09-24T13:21:24 IST" duration-ms="5916" status="PASS">
          <reporter-output>
          </reporter-output>
        </test-method> <!-- setup -->
        <test-method signature="verifyLoginWithInValidCredentials()[pri:2, instance:tests.Login@f6efaab]" started-at="2024-09-24T13:21:24 IST" name="verifyLoginWithInValidCredentials" finished-at="2024-09-24T13:21:26 IST" duration-ms="1653" status="PASS">
          <reporter-output>
          </reporter-output>
        </test-method> <!-- verifyLoginWithInValidCredentials -->
        <test-method is-config="true" signature="tearDown()[pri:0, instance:tests.Login@f6efaab]" started-at="2024-09-24T13:21:26 IST" name="tearDown" finished-at="2024-09-24T13:21:26 IST" duration-ms="525" status="PASS">
          <reporter-output>
          </reporter-output>
        </test-method> <!-- tearDown -->
        <test-method is-config="true" signature="setup()[pri:0, instance:tests.Login@f6efaab]" started-at="2024-09-24T13:21:26 IST" name="setup" finished-at="2024-09-24T13:21:33 IST" duration-ms="6432" status="PASS">
          <reporter-output>
          </reporter-output>
        </test-method> <!-- setup -->
        <test-method signature="verifyLoginWithInValidEmailValidPassword()[pri:3, instance:tests.Login@f6efaab]" started-at="2024-09-24T13:21:33 IST" name="verifyLoginWithInValidEmailValidPassword" finished-at="2024-09-24T13:21:34 IST" duration-ms="1500" status="PASS">
          <reporter-output>
          </reporter-output>
        </test-method> <!-- verifyLoginWithInValidEmailValidPassword -->
        <test-method is-config="true" signature="tearDown()[pri:0, instance:tests.Login@f6efaab]" started-at="2024-09-24T13:21:34 IST" name="tearDown" finished-at="2024-09-24T13:21:35 IST" duration-ms="643" status="PASS">
          <reporter-output>
          </reporter-output>
        </test-method> <!-- tearDown -->
        <test-method is-config="true" signature="setup()[pri:0, instance:tests.Login@f6efaab]" started-at="2024-09-24T13:21:35 IST" name="setup" finished-at="2024-09-24T13:21:41 IST" duration-ms="5922" status="PASS">
          <reporter-output>
          </reporter-output>
        </test-method> <!-- setup -->
        <test-method signature="verifyLoginWithValidEmailInValidPassword()[pri:4, instance:tests.Login@f6efaab]" started-at="2024-09-24T13:21:41 IST" name="verifyLoginWithValidEmailInValidPassword" finished-at="2024-09-24T13:21:52 IST" duration-ms="11382" status="PASS">
          <reporter-output>
          </reporter-output>
        </test-method> <!-- verifyLoginWithValidEmailInValidPassword -->
        <test-method is-config="true" signature="tearDown()[pri:0, instance:tests.Login@f6efaab]" started-at="2024-09-24T13:21:52 IST" name="tearDown" finished-at="2024-09-24T13:21:53 IST" duration-ms="819" status="PASS">
          <reporter-output>
          </reporter-output>
        </test-method> <!-- tearDown -->
        <test-method is-config="true" signature="setup()[pri:0, instance:tests.Login@f6efaab]" started-at="2024-09-24T13:21:53 IST" name="setup" finished-at="2024-09-24T13:21:59 IST" duration-ms="6024" status="PASS">
          <reporter-output>
          </reporter-output>
        </test-method> <!-- setup -->
        <test-method signature="verifyLoginWithOutEmailAndPassword()[pri:5, instance:tests.Login@f6efaab]" started-at="2024-09-24T13:21:59 IST" name="verifyLoginWithOutEmailAndPassword" finished-at="2024-09-24T13:22:00 IST" duration-ms="839" status="PASS">
          <reporter-output>
          </reporter-output>
        </test-method> <!-- verifyLoginWithOutEmailAndPassword -->
        <test-method is-config="true" signature="tearDown()[pri:0, instance:tests.Login@f6efaab]" started-at="2024-09-24T13:22:00 IST" name="tearDown" finished-at="2024-09-24T13:22:01 IST" duration-ms="803" status="PASS">
          <reporter-output>
          </reporter-output>
        </test-method> <!-- tearDown -->
      </class> <!-- tests.Login -->
    </test> <!-- Default test -->
  </suite> <!-- Default suite -->
</testng-results>
