<?xml version="1.0" encoding="UTF-8"?>
<!-- Generated by org.testng.reporters.JUnitXMLReporter -->
<testsuite ignored="0" hostname="DESKTOP-HHIM7D1" failures="0" tests="5" name="Default test" time="53.955" errors="0" timestamp="2024-09-24T13:22:01 IST">
  <testcase classname="tests.Login" name="verifyLoginWithValidCredentials" time="1.731"/>
  <testcase classname="tests.Login" name="verifyLoginWithInValidCredentials" time="1.653"/>
  <testcase classname="tests.Login" name="verifyLoginWithInValidEmailValidPassword" time="1.5"/>
  <testcase classname="tests.Login" name="verifyLoginWithValidEmailInValidPassword" time="11.382"/>
  <testcase classname="tests.Login" name="verifyLoginWithOutEmailAndPassword" time="0.839"/>
</testsuite> <!-- Default test -->
